<?xml version="1.0" encoding="UTF-8"?>
<!-- Generated by org.testng.reporters.JUnitReportReporter -->
<testsuite skipped="0" hostname="DESKTOP-3F616PK" name="RestAssuredTraining.AdvanceScenarios.Test1_BasicFeatures" tests="11" failures="0" timestamp="31 Dec 2020 10:20:43 GMT" time="11.141" errors="0">
  <testcase name="testStatusCode" time="0.341" classname="RestAssuredTraining.AdvanceScenarios.Test1_BasicFeatures"/>
  <testcase name="testParametersAndHeaders" time="0.300" classname="RestAssuredTraining.AdvanceScenarios.Test1_BasicFeatures"/>
  <testcase name="testExtractPathInOneLine" time="3.847" classname="RestAssuredTraining.AdvanceScenarios.Test1_BasicFeatures"/>
  <testcase name="testGetResponseAsString" time="0.284" classname="RestAssuredTraining.AdvanceScenarios.Test1_BasicFeatures"/>
  <testcase name="testGetResponseAsInputStream" time="0.333" classname="RestAssuredTraining.AdvanceScenarios.Test1_BasicFeatures"/>
  <testcase name="testEqualToFunction" time="2.757" classname="RestAssuredTraining.AdvanceScenarios.Test1_BasicFeatures"/>
  <testcase name="testExtraDetailsUsingResponse" time="0.395" classname="RestAssuredTraining.AdvanceScenarios.Test1_BasicFeatures"/>
  <testcase name="testExtractDetailsUsingPath" time="1.963" classname="RestAssuredTraining.AdvanceScenarios.Test1_BasicFeatures"/>
  <testcase name="testhasItemsFunction" time="0.271" classname="RestAssuredTraining.AdvanceScenarios.Test1_BasicFeatures"/>
  <testcase name="testLogging" time="0.376" classname="RestAssuredTraining.AdvanceScenarios.Test1_BasicFeatures"/>
  <testcase name="testUsingXpath1" time="0.274" classname="RestAssuredTraining.AdvanceScenarios.Test1_BasicFeatures"/>
</testsuite> <!-- RestAssuredTraining.AdvanceScenarios.Test1_BasicFeatures -->
