<?xml version="1.0" encoding="UTF-8"?>
<!-- Generated by org.testng.reporters.JUnitReportReporter -->
<testsuite skipped="0" hostname="DESKTOP-3F616PK" name="RestAssuredTraining.AdvanceScenarios.Test_JSONPath" tests="1" failures="0" timestamp="03 Jan 2021 09:11:23 GMT" time="3.586" errors="0">
  <testcase name="testJsonPath2" time="3.586" classname="RestAssuredTraining.AdvanceScenarios.Test_JSONPath"/>
</testsuite> <!-- RestAssuredTraining.AdvanceScenarios.Test_JSONPath -->
