<?xml version="1.0" encoding="UTF-8"?>
<!-- Generated by org.testng.reporters.JUnitReportReporter -->
<testsuite skipped="0" hostname="DESKTOP-3F616PK" name="RestAssuredTraining.AdvanceScenarios.Test1_BasicFeatures" tests="9" failures="0" timestamp="31 Dec 2020 09:46:49 GMT" time="6.768" errors="0">
  <testcase name="testLogging" time="0.368" classname="RestAssuredTraining.AdvanceScenarios.Test1_BasicFeatures"/>
  <testcase name="testStatusCode" time="0.345" classname="RestAssuredTraining.AdvanceScenarios.Test1_BasicFeatures"/>
  <testcase name="testGetResponseAsString" time="0.261" classname="RestAssuredTraining.AdvanceScenarios.Test1_BasicFeatures"/>
  <testcase name="testUsingXpath1" time="0.267" classname="RestAssuredTraining.AdvanceScenarios.Test1_BasicFeatures"/>
  <testcase name="testGetResponseAsInputStream" time="0.285" classname="RestAssuredTraining.AdvanceScenarios.Test1_BasicFeatures"/>
  <testcase name="testParametersAndHeaders" time="0.307" classname="RestAssuredTraining.AdvanceScenarios.Test1_BasicFeatures"/>
  <testcase name="testExtractDetailsUsingPath" time="2.129" classname="RestAssuredTraining.AdvanceScenarios.Test1_BasicFeatures"/>
  <testcase name="testEqualToFunction" time="2.568" classname="RestAssuredTraining.AdvanceScenarios.Test1_BasicFeatures"/>
  <testcase name="testhasItemsFunction" time="0.238" classname="RestAssuredTraining.AdvanceScenarios.Test1_BasicFeatures"/>
</testsuite> <!-- RestAssuredTraining.AdvanceScenarios.Test1_BasicFeatures -->
