<?xml version="1.0" encoding="UTF-8"?>
<!-- Generated by org.testng.reporters.JUnitReportReporter -->
<testsuite skipped="0" hostname="DESKTOP-3F616PK" name="RestAssuredTraining.RestAssuredTraining.TestGet" tests="1" failures="0" timestamp="04 Dec 2020 17:26:19 GMT" time="2.987" errors="0">
  <testcase name="test_1" time="2.987" classname="RestAssuredTraining.RestAssuredTraining.TestGet"/>
</testsuite> <!-- RestAssuredTraining.RestAssuredTraining.TestGet -->
