<?xml version="1.0" encoding="UTF-8"?>
<!-- Generated by org.testng.reporters.JUnitReportReporter -->
<testsuite skipped="0" hostname="DESKTOP-3F616PK" name="RestAssuredTraining.AdvanceScenarios.Test_getResponseHeader" tests="3" failures="0" timestamp="03 Jan 2021 13:04:27 GMT" time="3.691" errors="0">
  <testcase name="testGetCookies" time="0.690" classname="RestAssuredTraining.AdvanceScenarios.Test_getResponseHeader"/>
  <testcase name="testResponseHeader" time="0.727" classname="RestAssuredTraining.AdvanceScenarios.Test_getResponseHeader"/>
  <testcase name="testDetailedCookies" time="2.274" classname="RestAssuredTraining.AdvanceScenarios.Test_getResponseHeader"/>
</testsuite> <!-- RestAssuredTraining.AdvanceScenarios.Test_getResponseHeader -->
