<?xml version="1.0" encoding="UTF-8"?>
<!-- Generated by org.testng.reporters.JUnitReportReporter -->
<testsuite skipped="0" hostname="DESKTOP-3F616PK" name="RestAssuredTraining.AdvanceScenarios.Test_SetRequestData" tests="6" failures="0" timestamp="03 Jan 2021 15:07:19 GMT" time="11.575" errors="0">
  <testcase name="testQueryParameter" time="1.643" classname="RestAssuredTraining.AdvanceScenarios.Test_SetRequestData"/>
  <testcase name="testSetParameters" time="1.598" classname="RestAssuredTraining.AdvanceScenarios.Test_SetRequestData"/>
  <testcase name="testSetMultipleValueParameter" time="1.622" classname="RestAssuredTraining.AdvanceScenarios.Test_SetRequestData"/>
  <testcase name="tesSetParameters" time="3.419" classname="RestAssuredTraining.AdvanceScenarios.Test_SetRequestData"/>
  <testcase name="testFormParameters" time="1.672" classname="RestAssuredTraining.AdvanceScenarios.Test_SetRequestData"/>
  <testcase name="testConnectRequest" time="1.621" classname="RestAssuredTraining.AdvanceScenarios.Test_SetRequestData"/>
</testsuite> <!-- RestAssuredTraining.AdvanceScenarios.Test_SetRequestData -->
