<?xml version="1.0" encoding="UTF-8"?>
<!-- Generated by org.testng.reporters.JUnitReportReporter -->
<testsuite skipped="0" hostname="DESKTOP-3F616PK" name="RestAssuredTraining.RestAssuredTraining.Test_Post" tests="3" failures="0" timestamp="04 Dec 2020 18:08:19 GMT" time="5.589" errors="0">
  <testcase name="test_3_delete" time="2.685" classname="RestAssuredTraining.RestAssuredTraining.Test_Post"/>
  <testcase name="test_2_post" time="0.570" classname="RestAssuredTraining.RestAssuredTraining.Test_Post"/>
  <testcase name="test_1_post" time="2.334" classname="RestAssuredTraining.RestAssuredTraining.Test_Post"/>
</testsuite> <!-- RestAssuredTraining.RestAssuredTraining.Test_Post -->
