<?xml version="1.0" encoding="UTF-8"?>
<!-- Generated by org.testng.reporters.JUnitReportReporter -->
<testsuite skipped="0" hostname="DESKTOP-3F616PK" name="RestAssuredTraining.RestAssuredTraining.DataDrivenExample" tests="2" failures="0" timestamp="04 Dec 2020 19:22:20 GMT" time="2.875" errors="0">
  <testcase name="test_1_post" time="2.328" classname="RestAssuredTraining.RestAssuredTraining.DataDrivenExample"/>
  <testcase name="test_1_post" time="0.547" classname="RestAssuredTraining.RestAssuredTraining.DataDrivenExample"/>
</testsuite> <!-- RestAssuredTraining.RestAssuredTraining.DataDrivenExample -->
