<?xml version="1.0" encoding="UTF-8"?>
<!-- Generated by org.testng.reporters.JUnitReportReporter -->
<testsuite skipped="0" hostname="DESKTOP-3F616PK" name="RestAssuredTraining.AdvanceScenarios.Test2_BasicGroovyFeatures" tests="1" failures="0" timestamp="31 Dec 2020 10:58:29 GMT" time="2.632" errors="0">
  <testcase name="testPresenceOfElements" time="2.632" classname="RestAssuredTraining.AdvanceScenarios.Test2_BasicGroovyFeatures"/>
</testsuite> <!-- RestAssuredTraining.AdvanceScenarios.Test2_BasicGroovyFeatures -->
